[ 2016-10-05T14:51:30+08:00 ] 125.77.53.164 /index.php?m=Admin&c=Uploadify&a=upload&num=1&input=ad_code&path=ad&func=
INFO: [ app_init ] --START--
INFO: Run Behavior\BuildLiteBehavior [ RunTime:0.000016s ]
INFO: [ app_init ] --END-- [ RunTime:0.000074s ]
INFO: [ app_begin ] --START--
INFO: Run Behavior\ReadHtmlCacheBehavior [ RunTime:0.000460s ]
INFO: [ app_begin ] --END-- [ RunTime:0.000521s ]
INFO: [ view_parse ] --START--
INFO: [ template_filter ] --START--
INFO: Run Behavior\ContentReplaceBehavior [ RunTime:0.000072s ]
INFO: [ template_filter ] --END-- [ RunTime:0.000163s ]
INFO: Run Behavior\ParseTemplateBehavior [ RunTime:0.007032s ]
INFO: [ view_parse ] --END-- [ RunTime:0.007093s ]
INFO: [ view_filter ] --START--
INFO: Run Behavior\WriteHtmlCacheBehavior [ RunTime:0.000199s ]
INFO: [ view_filter ] --END-- [ RunTime:0.000241s ]
INFO: [ app_end ] --START--
INFO: Run Behavior\ShowPageTraceBehavior [ RunTime:0.000591s ]
INFO: [ app_end ] --END-- [ RunTime:0.000648s ]

[ 2016-10-05T14:51:34+08:00 ] 125.77.53.164 /index.php/Admin/Ueditor/imageUp/savepath/ad/pictitle/banner/dir/images.html
INFO: [ app_init ] --START--
INFO: Run Behavior\BuildLiteBehavior [ RunTime:0.000017s ]
INFO: [ app_init ] --END-- [ RunTime:0.000217s ]
INFO: [ app_begin ] --START--
INFO: Run Behavior\ReadHtmlCacheBehavior [ RunTime:0.000516s ]
INFO: [ app_begin ] --END-- [ RunTime:0.000585s ]
NOTIC: [8] Undefined index: pictitle /home/wwwroot/txdemo/Shop/Application/Admin/Controller/UeditorController.class.php 第 270 行.
NOTIC: [8] Undefined index: dir /home/wwwroot/txdemo/Shop/Application/Admin/Controller/UeditorController.class.php 第 271 行.
NOTIC: [2] call_user_func() expects parameter 1 to be a valid callback, no array or string given /home/wwwroot/txdemo/ThinkPHP/Library/Think/Upload.class.php 第 170 行.

[ 2016-10-05T14:51:37+08:00 ] 125.77.53.164 /index.php/Admin/Ad/adHandle.html
INFO: [ app_init ] --START--
INFO: Run Behavior\BuildLiteBehavior [ RunTime:0.000015s ]
INFO: [ app_init ] --END-- [ RunTime:0.000067s ]
INFO: [ app_begin ] --START--
INFO: Run Behavior\ReadHtmlCacheBehavior [ RunTime:0.000368s ]
INFO: [ app_begin ] --END-- [ RunTime:0.000419s ]
SQL: SHOW COLUMNS FROM `gwshop_ad` [ RunTime:0.0009s ]
SQL: UPDATE `gwshop_ad` SET `ad_name`='首页海报1',`media_type`='0',`pid`='1',`ad_link`='',`ad_code`='/Public/upload/ad/2016/10-05/57f4a2f6b867a.jpg',`bgcolor`='#000000',`orderby`='1',`ad_id`='4',`start_time`='1451577600',`end_time`='1546272000' WHERE ( ad_id=4 ) [ RunTime:0.0041s ]
INFO: [ view_parse ] --START--
INFO: [ template_filter ] --START--
INFO: Run Behavior\ContentReplaceBehavior [ RunTime:0.000057s ]
INFO: [ template_filter ] --END-- [ RunTime:0.000115s ]
INFO: Run Behavior\ParseTemplateBehavior [ RunTime:0.005141s ]
INFO: [ view_parse ] --END-- [ RunTime:0.005191s ]
INFO: [ view_filter ] --START--
INFO: Run Behavior\WriteHtmlCacheBehavior [ RunTime:0.000145s ]
INFO: [ view_filter ] --END-- [ RunTime:0.000174s ]
INFO: [ app_end ] --START--
INFO: Run Behavior\ShowPageTraceBehavior [ RunTime:0.000475s ]
INFO: [ app_end ] --END-- [ RunTime:0.000517s ]

[ 2016-10-05T14:51:38+08:00 ] 125.77.53.164 /index.php/Admin/Ad/ad/act/edit/ad_id/4.html
INFO: [ app_init ] --START--
INFO: Run Behavior\BuildLiteBehavior [ RunTime:0.000057s ]
INFO: [ app_init ] --END-- [ RunTime:0.000135s ]
INFO: [ app_begin ] --START--
INFO: Run Behavior\ReadHtmlCacheBehavior [ RunTime:0.000586s ]
INFO: [ app_begin ] --END-- [ RunTime:0.000648s ]
SQL: SHOW COLUMNS FROM `gwshop_ad` [ RunTime:0.0014s ]
SQL: SELECT * FROM `gwshop_ad` WHERE ( ad_id=4 ) LIMIT 1   [ RunTime:0.0004s ]
SQL: SHOW COLUMNS FROM `gwshop_ad_position` [ RunTime:0.0009s ]
SQL: SELECT * FROM `gwshop_ad_position` WHERE ( 1=1 )  [ RunTime:0.0003s ]
INFO: [ view_parse ] --START--
INFO: [ template_filter ] --START--
INFO: Run Behavior\ContentReplaceBehavior [ RunTime:0.000109s ]
INFO: [ template_filter ] --END-- [ RunTime:0.000199s ]
NOTIC: [8] Undefined variable: navigate_admin /home/wwwroot/txdemo/Shop/Application/Runtime/Cache/Admin/b922ca4ace50fa17c2db8f6a8749218b.php 第 70 行.
NOTIC: [8] Use of undefined constant pid - assumed 'pid' /home/wwwroot/txdemo/Shop/Application/Runtime/Cache/Admin/b922ca4ace50fa17c2db8f6a8749218b.php 第 114 行.
NOTIC: [8] Use of undefined constant position_id - assumed 'position_id' /home/wwwroot/txdemo/Shop/Application/Runtime/Cache/Admin/b922ca4ace50fa17c2db8f6a8749218b.php 第 114 行.
INFO: Run Behavior\ParseTemplateBehavior [ RunTime:0.013195s ]
INFO: [ view_parse ] --END-- [ RunTime:0.013256s ]
INFO: [ view_filter ] --START--
INFO: Run Behavior\WriteHtmlCacheBehavior [ RunTime:0.000253s ]
INFO: [ view_filter ] --END-- [ RunTime:0.000299s ]
INFO: [ app_end ] --START--
INFO: Run Behavior\ShowPageTraceBehavior [ RunTime:0.000670s ]
INFO: [ app_end ] --END-- [ RunTime:0.000733s ]

[ 2016-10-05T14:56:26+08:00 ] 125.77.53.164 /index.php?m=Admin&c=Uploadify&a=upload&num=1&input=ad_code&path=ad&func=
INFO: [ app_init ] --START--
INFO: Run Behavior\BuildLiteBehavior [ RunTime:0.000021s ]
INFO: [ app_init ] --END-- [ RunTime:0.000090s ]
INFO: [ app_begin ] --START--
INFO: Run Behavior\ReadHtmlCacheBehavior [ RunTime:0.000515s ]
INFO: [ app_begin ] --END-- [ RunTime:0.000575s ]
INFO: [ view_parse ] --START--
INFO: [ template_filter ] --START--
INFO: Run Behavior\ContentReplaceBehavior [ RunTime:0.000042s ]
INFO: [ template_filter ] --END-- [ RunTime:0.000092s ]
INFO: Run Behavior\ParseTemplateBehavior [ RunTime:0.004737s ]
INFO: [ view_parse ] --END-- [ RunTime:0.004783s ]
INFO: [ view_filter ] --START--
INFO: Run Behavior\WriteHtmlCacheBehavior [ RunTime:0.000139s ]
INFO: [ view_filter ] --END-- [ RunTime:0.000167s ]
INFO: [ app_end ] --START--
INFO: Run Behavior\ShowPageTraceBehavior [ RunTime:0.000416s ]
INFO: [ app_end ] --END-- [ RunTime:0.000475s ]

[ 2016-10-05T14:56:30+08:00 ] 125.77.53.164 /index.php/Admin/Ueditor/imageUp/savepath/ad/pictitle/banner/dir/images.html
INFO: [ app_init ] --START--
INFO: Run Behavior\BuildLiteBehavior [ RunTime:0.000019s ]
INFO: [ app_init ] --END-- [ RunTime:0.000077s ]
INFO: [ app_begin ] --START--
INFO: Run Behavior\ReadHtmlCacheBehavior [ RunTime:0.000714s ]
INFO: [ app_begin ] --END-- [ RunTime:0.000804s ]
NOTIC: [8] Undefined index: pictitle /home/wwwroot/txdemo/Shop/Application/Admin/Controller/UeditorController.class.php 第 270 行.
NOTIC: [8] Undefined index: dir /home/wwwroot/txdemo/Shop/Application/Admin/Controller/UeditorController.class.php 第 271 行.
NOTIC: [2] call_user_func() expects parameter 1 to be a valid callback, no array or string given /home/wwwroot/txdemo/ThinkPHP/Library/Think/Upload.class.php 第 170 行.

[ 2016-10-05T14:56:33+08:00 ] 125.77.53.164 /index.php/Admin/Ad/adHandle.html
INFO: [ app_init ] --START--
INFO: Run Behavior\BuildLiteBehavior [ RunTime:0.000020s ]
INFO: [ app_init ] --END-- [ RunTime:0.000092s ]
INFO: [ app_begin ] --START--
INFO: Run Behavior\ReadHtmlCacheBehavior [ RunTime:0.000534s ]
INFO: [ app_begin ] --END-- [ RunTime:0.000600s ]
SQL: SHOW COLUMNS FROM `gwshop_ad` [ RunTime:0.0010s ]
SQL: UPDATE `gwshop_ad` SET `ad_name`='首页海报1',`media_type`='0',`pid`='1',`ad_link`='',`ad_code`='/Public/upload/ad/2016/10-05/57f4a41e91758.jpg',`bgcolor`='#000000',`orderby`='1',`ad_id`='4',`start_time`='1451577600',`end_time`='1546272000' WHERE ( ad_id=4 ) [ RunTime:0.0053s ]
INFO: [ view_parse ] --START--
INFO: [ template_filter ] --START--
INFO: Run Behavior\ContentReplaceBehavior [ RunTime:0.000056s ]
INFO: [ template_filter ] --END-- [ RunTime:0.000105s ]
INFO: Run Behavior\ParseTemplateBehavior [ RunTime:0.005492s ]
INFO: [ view_parse ] --END-- [ RunTime:0.005603s ]
INFO: [ view_filter ] --START--
INFO: Run Behavior\WriteHtmlCacheBehavior [ RunTime:0.000217s ]
INFO: [ view_filter ] --END-- [ RunTime:0.000267s ]
INFO: [ app_end ] --START--
INFO: Run Behavior\ShowPageTraceBehavior [ RunTime:0.000639s ]
INFO: [ app_end ] --END-- [ RunTime:0.000705s ]

[ 2016-10-05T14:56:34+08:00 ] 125.77.53.164 /index.php/Admin/Ad/ad/act/edit/ad_id/4.html
INFO: [ app_init ] --START--
INFO: Run Behavior\BuildLiteBehavior [ RunTime:0.000019s ]
INFO: [ app_init ] --END-- [ RunTime:0.000099s ]
INFO: [ app_begin ] --START--
INFO: Run Behavior\ReadHtmlCacheBehavior [ RunTime:0.000341s ]
INFO: [ app_begin ] --END-- [ RunTime:0.000399s ]
SQL: SHOW COLUMNS FROM `gwshop_ad` [ RunTime:0.0012s ]
SQL: SELECT * FROM `gwshop_ad` WHERE ( ad_id=4 ) LIMIT 1   [ RunTime:0.0004s ]
SQL: SHOW COLUMNS FROM `gwshop_ad_position` [ RunTime:0.0006s ]
SQL: SELECT * FROM `gwshop_ad_position` WHERE ( 1=1 )  [ RunTime:0.0002s ]
INFO: [ view_parse ] --START--
INFO: [ template_filter ] --START--
INFO: Run Behavior\ContentReplaceBehavior [ RunTime:0.000109s ]
INFO: [ template_filter ] --END-- [ RunTime:0.000215s ]
NOTIC: [8] Undefined variable: navigate_admin /home/wwwroot/txdemo/Shop/Application/Runtime/Cache/Admin/b922ca4ace50fa17c2db8f6a8749218b.php 第 70 行.
NOTIC: [8] Use of undefined constant pid - assumed 'pid' /home/wwwroot/txdemo/Shop/Application/Runtime/Cache/Admin/b922ca4ace50fa17c2db8f6a8749218b.php 第 114 行.
NOTIC: [8] Use of undefined constant position_id - assumed 'position_id' /home/wwwroot/txdemo/Shop/Application/Runtime/Cache/Admin/b922ca4ace50fa17c2db8f6a8749218b.php 第 114 行.
INFO: Run Behavior\ParseTemplateBehavior [ RunTime:0.010393s ]
INFO: [ view_parse ] --END-- [ RunTime:0.010458s ]
INFO: [ view_filter ] --START--
INFO: Run Behavior\WriteHtmlCacheBehavior [ RunTime:0.000249s ]
INFO: [ view_filter ] --END-- [ RunTime:0.000329s ]
INFO: [ app_end ] --START--
INFO: Run Behavior\ShowPageTraceBehavior [ RunTime:0.000481s ]
INFO: [ app_end ] --END-- [ RunTime:0.000531s ]

